\BOOKMARK [0][-]{chapter*.1}{Preface}{}% 1
\BOOKMARK [0][-]{chapter.1}{Review of Calculus}{}% 2
\BOOKMARK [1][-]{section.1.1}{Geometric Series}{chapter.1}% 3
\BOOKMARK [1][-]{section.1.2}{Binomial Sums}{chapter.1}% 4
\BOOKMARK [1][-]{section.1.3}{Negative Binomial Series}{chapter.1}% 5
\BOOKMARK [0][-]{chapter.2}{Representing Data}{}% 6
\BOOKMARK [1][-]{section.2.1}{Measurement Scales}{chapter.2}% 7
\BOOKMARK [1][-]{section.2.2}{Techniques for Representing Data}{chapter.2}% 8
\BOOKMARK [1][-]{section.2.3}{Measures of Position}{chapter.2}% 9
\BOOKMARK [1][-]{section.2.4}{Measures of the Middle}{chapter.2}% 10
\BOOKMARK [1][-]{section.2.5}{Measures of Spread}{chapter.2}% 11
\BOOKMARK [0][-]{chapter.3}{Counting and Combinatorics}{}% 12
\BOOKMARK [1][-]{section.3.1}{Introduction}{chapter.3}% 13
\BOOKMARK [1][-]{section.3.2}{Permutations}{chapter.3}% 14
\BOOKMARK [1][-]{section.3.3}{Combinations}{chapter.3}% 15
\BOOKMARK [0][-]{chapter.4}{Probability and Probability Functions}{}% 16
\BOOKMARK [1][-]{section.4.1}{Relative Frequency}{chapter.4}% 17
\BOOKMARK [1][-]{section.4.2}{Definition of Probability}{chapter.4}% 18
\BOOKMARK [1][-]{section.4.3}{Conditional Probability}{chapter.4}% 19
\BOOKMARK [1][-]{section.4.4}{Independence}{chapter.4}% 20
\BOOKMARK [1][-]{section.4.5}{Random Variables}{chapter.4}% 21
\BOOKMARK [1][-]{section.4.6}{Probability Functions}{chapter.4}% 22
\BOOKMARK [1][-]{section.4.7}{Expected Value}{chapter.4}% 23
\BOOKMARK [0][-]{chapter.5}{Binomial, Geometric, and Negative Binomial Distributions}{}% 24
\BOOKMARK [1][-]{section.5.1}{Binomial Distribution}{chapter.5}% 25
\BOOKMARK [1][-]{section.5.2}{Geometric Distribution}{chapter.5}% 26
\BOOKMARK [1][-]{section.5.3}{Negative Binomial}{chapter.5}% 27
\BOOKMARK [0][-]{chapter.6}{Poisson, Exponential, and Gamma Distributions}{}% 28
\BOOKMARK [1][-]{section.6.1}{Poisson Distribution}{chapter.6}% 29
\BOOKMARK [1][-]{section.6.2}{Exponential Distribution}{chapter.6}% 30
\BOOKMARK [1][-]{section.6.3}{Gamma Distribution}{chapter.6}% 31
\BOOKMARK [0][-]{chapter.7}{Normal Distributions}{}% 32
\BOOKMARK [1][-]{section.7.1}{Properties of the Normal Distribution}{chapter.7}% 33
\BOOKMARK [1][-]{section.7.2}{Theorems}{chapter.7}% 34
\BOOKMARK [1][-]{section.7.3}{Chi-Square Distribution}{chapter.7}% 35
\BOOKMARK [1][-]{section.7.4}{Central Limit Theorem}{chapter.7}% 36
\BOOKMARK [0][-]{chapter.8}{Estimating Data using Intervals}{}% 37
\BOOKMARK [1][-]{section.8.1}{Chebyshev}{chapter.8}% 38
\BOOKMARK [1][-]{section.8.2}{Measures of Spread}{chapter.8}% 39
